Attaching 2 probes...
Tracing mmap syscalls... Hit Ctrl-C to end.
PID    COMM             ADDR               LEN              PROT   FLAGS    FD   OFFSET          
22804  man              0x0000000000000000 8192             0x0003 0x0022 -1   0x0000000000000000
22804  man              0x0000000000000000 33040            0x0001 0x0802 3    0x0000000000000000
22804  man              0x000000006ffd1000 12288            0x0005 0x0812 3    0x0000000000002000
22804  man              0x000000006ffd4000 4096             0x0001 0x0812 3    0x0000000000005000
22804  man              0x000000006ffd6000 4096             0x0003 0x0812 3    0x0000000000006000
22804  man              0x000000006ffd7000 272              0x0003 0x0032 -1   0x0000000000000000
22804  man              0x0000000000000000 143096           0x0001 0x0802 3    0x0000000000000000
22804  man              0x000000006ffb4000 77824            0x0005 0x0812 3    0x0000000000008000
22804  man              0x000000006ffc7000 20480            0x0001 0x0812 3    0x000000000001b000
22804  man              0x000000006ffcd000 8192             0x0003 0x0812 3    0x0000000000020000
22804  man              0x0000000000000000 65992            0x0001 0x0802 3    0x0000000000000000
22804  man              0x000000006ff9e000 36864            0x0005 0x0812 3    0x0000000000003000
22804  man              0x000000006ffa7000 12288            0x0001 0x0812 3    0x000000000000c000
22804  man              0x000000006ffaa000 8192             0x0003 0x0812 3    0x000000000000e000
22804  man              0x0000000000000000 1857280          0x0001 0x0802 3    0x0000000000000000
22804  man              0x000000006fdf7000 1363968          0x0005 0x0812 3    0x0000000000022000
22804  man              0x000000006ff44000 311296           0x0001 0x0812 3    0x000000000016f000
22804  man              0x000000006ff91000 24576            0x0003 0x0812 3    0x00000000001bb000
22804  man              0x000000006ff97000 14080            0x0003 0x0032 -1   0x0000000000000000
22804  man              0x0000000000000000 65576            0x0001 0x0802 3    0x0000000000000000
22804  man              0x000000006fdc7000 36864            0x0005 0x0812 3    0x0000000000003000
22804  man              0x000000006fdd0000 12288            0x0001 0x0812 3    0x000000000000c000
22804  man              0x000000006fdd3000 8192             0x0003 0x0812 3    0x000000000000e000
22804  man              0x0000000000000000 102408           0x0001 0x0802 3    0x0000000000000000
22804  man              0x000000006fdad000 57344            0x0005 0x0812 3    0x0000000000003000
22804  man              0x000000006fdbb000 28672            0x0001 0x0812 3    0x0000000000011000
22804  man              0x000000006fdc2000 4096             0x0003 0x0812 3    0x0000000000017000
22804  man              0x000000006fdc3000 8                0x0003 0x0032 -1   0x0000000000000000
22804  man              0x0000000000000000 8192             0x0003 0x0022 -1   0x0000000000000000
22804  man              0x0000000000000000 8192             0x0003 0x0022 -1   0x0000000000000000
22804  man              0x0000000000000000 217750512        0x0001 0x0002 3    0x0000000000000000
22804  man              0x0000000000000000 20480            0x0001 0x0001 3    0x0000000000000000
22804  man              0x0000000000000000 26398            0x0001 0x0001 3    0x0000000000000000
22804  man              0x0000000000000000 90112            0x0001 0x0001 3    0x0000000000000000
22804  man              0x0000000000000000 2031616          0x0001 0x0001 3    0x0000000000000000
22804  man              0x0000000000000000 20480            0x0001 0x0001 3    0x0000000000000000
22804  man              0x0000000000000000 90112            0x0001 0x0001 3    0x0000000000000000
22804  man              0x0000000000000000 20480            0x0001 0x0001 3    0x0000000000000000
22804  man              0x0000000000000000 90112            0x0001 0x0001 3    0x0000000000000000
22804  man              0x0000000000000000 20480            0x0001 0x0001 3    0x0000000000000000
22804  man              0x0000000000000000 90112            0x0001 0x0001 3    0x0000000000000000
22804  man              0x0000000000000000 20480            0x0001 0x0001 3    0x0000000000000000
22804  man              0x0000000000000000 90112            0x0001 0x0001 3    0x0000000000000000
22804  man              0x0000000000000000 20480            0x0001 0x0001 3    0x0000000000000000
22804  man              0x0000000000000000 90112            0x0001 0x0001 3    0x0000000000000000
22804  man              0x0000000000000000 20480            0x0001 0x0001 3    0x0000000000000000
22804  man              0x0000000000000000 90112            0x0001 0x0001 3    0x0000000000000000
22804  man              0x0000000000000000 20480            0x0001 0x0001 3    0x0000000000000000
22804  man              0x0000000000000000 90112            0x0001 0x0001 3    0x0000000000000000
22804  man              0x0000000000000000 20480            0x0001 0x0001 3    0x0000000000000000
22804  man              0x0000000000000000 90112            0x0001 0x0001 3    0x0000000000000000
22804  man              0x0000000000000000 20480            0x0001 0x0001 3    0x0000000000000000
22804  man              0x0000000000000000 90112            0x0001 0x0001 3    0x0000000000000000
22804  man              0x0000000000000000 20480            0x0001 0x0001 3    0x0000000000000000
22804  man              0x0000000000000000 90112            0x0001 0x0001 3    0x0000000000000000
22804  man              0x0000000000000000 20480            0x0001 0x0001 3    0x0000000000000000
22804  man              0x0000000000000000 90112            0x0001 0x0001 3    0x0000000000000000
22804  man              0x0000000000000000 20480            0x0001 0x0001 3    0x0000000000000000
22804  man              0x0000000000000000 90112            0x0001 0x0001 3    0x0000000000000000
22804  man              0x0000000000000000 20480            0x0001 0x0001 3    0x0000000000000000
22804  man              0x0000000000000000 90112            0x0001 0x0001 3    0x0000000000000000
22804  man              0x0000000000000000 20480            0x0001 0x0001 3    0x0000000000000000
22804  man              0x0000000000000000 90112            0x0001 0x0001 3    0x0000000000000000
22804  man              0x0000000000000000 20480            0x0001 0x0001 3    0x0000000000000000
22804  man              0x0000000000000000 90112            0x0001 0x0001 3    0x0000000000000000
22804  man              0x0000000000000000 20480            0x0001 0x0001 3    0x0000000000000000
22804  man              0x0000000000000000 90112            0x0001 0x0001 3    0x0000000000000000
22804  man              0x0000000000000000 20480            0x0001 0x0001 3    0x0000000000000000
22804  man              0x0000000000000000 90112            0x0001 0x0001 3    0x0000000000000000
22804  man              0x0000000000000000 20480            0x0001 0x0001 3    0x0000000000000000
22804  man              0x0000000000000000 90112            0x0001 0x0001 3    0x0000000000000000
22804  man              0x0000000000000000 20480            0x0001 0x0001 3    0x0000000000000000
22804  man              0x0000000000000000 90112            0x0001 0x0001 3    0x0000000000000000
22804  man              0x0000000000000000 20480            0x0001 0x0001 3    0x0000000000000000
22804  man              0x0000000000000000 90112            0x0001 0x0001 3    0x0000000000000000
22804  man              0x0000000000000000 20480            0x0001 0x0001 3    0x0000000000000000
22804  man              0x0000000000000000 90112            0x0001 0x0001 3    0x0000000000000000
22804  man              0x0000000000000000 20480            0x0001 0x0001 3    0x0000000000000000
22804  man              0x0000000000000000 90112            0x0001 0x0001 3    0x0000000000000000
22804  man              0x0000000000000000 20480            0x0001 0x0001 3    0x0000000000000000
22804  man              0x0000000000000000 90112            0x0001 0x0001 3    0x0000000000000000
22804  man              0x0000000000000000 20480            0x0001 0x0001 3    0x0000000000000000
22804  man              0x0000000000000000 90112            0x0001 0x0001 3    0x0000000000000000
22812  preconv          0x0000000000000000 8192             0x0003 0x0022 -1   0x0000000000000000
22812  preconv          0x0000000000000000 2070080          0x0001 0x0802 3    0x0000000000000000
22812  preconv          0x00000000d2d2b000 1060864          0x0005 0x0812 3    0x0000000000096000
22812  preconv          0x00000000d2e2e000 323584           0x0001 0x0812 3    0x0000000000199000
22812  preconv          0x00000000d2e7e000 57344            0x0003 0x0812 3    0x00000000001e8000
22812  preconv          0x00000000d2e8c000 9792             0x0003 0x0032 -1   0x0000000000000000
22813  tbl              0x0000000000000000 8192             0x0003 0x0022 -1   0x0000000000000000
22812  preconv          0x0000000000000000 103504           0x0001 0x0802 3    0x0000000000000000
22812  preconv          0x00000000d2c7e000 69632            0x0005 0x0812 3    0x0000000000003000
22813  tbl              0x0000000000000000 2070080          0x0001 0x0802 3    0x0000000000000000
22812  preconv          0x00000000d2c8f000 16384            0x0001 0x0812 3    0x0000000000014000
22813  tbl              0x0000000069155000 1060864          0x0005 0x0812 3    0x0000000000096000
22812  preconv          0x00000000d2c93000 8192             0x0003 0x0812 3    0x0000000000017000
22813  tbl              0x0000000069258000 323584           0x0001 0x0812 3    0x0000000000199000
22813  tbl              0x00000000692a8000 57344            0x0003 0x0812 3    0x00000000001e8000
22812  preconv          0x0000000000000000 1857280          0x0001 0x0802 3    0x0000000000000000
22812  preconv          0x00000000d2ad7000 1363968          0x0005 0x0812 3    0x0000000000022000
22813  tbl              0x00000000692b6000 9792             0x0003 0x0032 -1   0x0000000000000000
22812  preconv          0x00000000d2c24000 311296           0x0001 0x0812 3    0x000000000016f000
22812  preconv          0x00000000d2c71000 24576            0x0003 0x0812 3    0x00000000001bb000
22815  nroff            0x0000000000000000 8192             0x0003 0x0022 -1   0x0000000000000000
22815  nroff            0x0000000000000000 190848           0x0001 0x0802 3    0x0000000000000000
22815  nroff            0x00000000307e8000 61440            0x0005 0x0812 3    0x000000000000e000
22815  nroff            0x00000000307f7000 53248            0x0001 0x0812 3    0x000000000001d000
22812  preconv          0x00000000d2c77000 14080            0x0003 0x0032 -1   0x0000000000000000
22815  nroff            0x0000000030804000 20480            0x0003 0x0812 3    0x0000000000029000
22813  tbl              0x0000000000000000 103504           0x0001 0x0802 3    0x0000000000000000
22812  preconv          0x0000000000000000 1331456          0x0001 0x0802 3    0x0000000000000000
22812  preconv          0x00000000d297c000 638976           0x0005 0x0812 3    0x000000000000d000
22813  tbl              0x00000000690a8000 69632            0x0005 0x0812 3    0x0000000000003000
22812  preconv          0x00000000d2a18000 634880           0x0001 0x0812 3    0x00000000000a9000
22815  nroff            0x0000000000000000 20784            0x0001 0x0802 3    0x0000000000000000
22815  nroff            0x00000000307d5000 8192             0x0005 0x0812 3    0x0000000000001000
22813  tbl              0x00000000690b9000 16384            0x0001 0x0812 3    0x0000000000014000
22813  tbl              0x00000000690bd000 8192             0x0003 0x0812 3    0x0000000000017000
22812  preconv          0x00000000d2ab3000 8192             0x0003 0x0812 3    0x0000000000143000
22815  nroff            0x00000000307d7000 4096             0x0001 0x0812 3    0x0000000000003000
22815  nroff            0x00000000307d8000 8192             0x0003 0x0812 3    0x0000000000003000
22812  preconv          0x0000000000000000 8192             0x0003 0x0022 -1   0x0000000000000000
22813  tbl              0x0000000000000000 1857280          0x0001 0x0802 3    0x0000000000000000
22815  nroff            0x0000000000000000 1857280          0x0001 0x0802 3    0x0000000000000000
22815  nroff            0x0000000030630000 1363968          0x0005 0x0812 3    0x0000000000022000
22813  tbl              0x0000000068f01000 1363968          0x0005 0x0812 3    0x0000000000022000
22813  tbl              0x000000006904e000 311296           0x0001 0x0812 3    0x000000000016f000
22815  nroff            0x000000003077d000 311296           0x0001 0x0812 3    0x000000000016f000
22813  tbl              0x000000006909b000 24576            0x0003 0x0812 3    0x00000000001bb000
22815  nroff            0x00000000307ca000 24576            0x0003 0x0812 3    0x00000000001bb000
22813  tbl              0x00000000690a1000 14080            0x0003 0x0032 -1   0x0000000000000000
22815  nroff            0x00000000307d0000 14080            0x0003 0x0032 -1   0x0000000000000000
22818  less             0x0000000000000000 8192             0x0003 0x0022 -1   0x0000000000000000
22818  less             0x0000000000000000 190848           0x0001 0x0802 3    0x0000000000000000
22813  tbl              0x0000000000000000 1331456          0x0001 0x0802 3    0x0000000000000000
22813  tbl              0x0000000068da6000 638976           0x0005 0x0812 3    0x000000000000d000
22813  tbl              0x0000000068e42000 634880           0x0001 0x0812 3    0x00000000000a9000
22815  nroff            0x0000000000000000 12288            0x0003 0x0022 -1   0x0000000000000000
22818  less             0x00000000a4057000 61440            0x0005 0x0812 3    0x000000000000e000
22818  less             0x00000000a4066000 53248            0x0001 0x0812 3    0x000000000001d000
22813  tbl              0x0000000068edd000 8192             0x0003 0x0812 3    0x0000000000143000
22818  less             0x00000000a4073000 20480            0x0003 0x0812 3    0x0000000000029000
22813  tbl              0x0000000000000000 8192             0x0003 0x0022 -1   0x0000000000000000
22818  less             0x0000000000000000 1857280          0x0001 0x0802 3    0x0000000000000000
22818  less             0x00000000a3ea5000 1363968          0x0005 0x0812 3    0x0000000000022000
22818  less             0x00000000a3ff2000 311296           0x0001 0x0812 3    0x000000000016f000
22818  less             0x00000000a403f000 24576            0x0003 0x0812 3    0x00000000001bb000
22818  less             0x00000000a4045000 14080            0x0003 0x0032 -1   0x0000000000000000
22818  less             0x0000000000000000 12288            0x0003 0x0022 -1   0x0000000000000000
22812  preconv          0x0000000000000000 8192             0x0003 0x0022 -1   0x0000000000000000
22813  tbl              0x0000000000000000 8192             0x0003 0x0022 -1   0x0000000000000000
22815  nroff            0x0000000000000000 217750512        0x0001 0x0002 3    0x0000000000000000
22815  nroff            0x0000000000000000 26398            0x0001 0x0001 3    0x0000000000000000
22818  less             0x0000000000000000 217750512        0x0001 0x0002 3    0x0000000000000000
22812  preconv          0x0000000000000000 217750512        0x0001 0x0002 3    0x0000000000000000
22820  locale           0x0000000000000000 8192             0x0003 0x0022 -1   0x0000000000000000
22820  locale           0x0000000000000000 1857280          0x0001 0x0802 3    0x0000000000000000
22820  locale           0x0000000095549000 1363968          0x0005 0x0812 3    0x0000000000022000
22820  locale           0x0000000095696000 311296           0x0001 0x0812 3    0x000000000016f000
22820  locale           0x00000000956e3000 24576            0x0003 0x0812 3    0x00000000001bb000
22820  locale           0x00000000956e9000 14080            0x0003 0x0032 -1   0x0000000000000000
22820  locale           0x0000000000000000 217750512        0x0001 0x0002 3    0x0000000000000000
22821  groff            0x0000000000000000 8192             0x0003 0x0022 -1   0x0000000000000000
22821  groff            0x0000000000000000 2070080          0x0001 0x0802 3    0x0000000000000000
22821  groff            0x00000000de070000 1060864          0x0005 0x0812 3    0x0000000000096000
22821  groff            0x00000000de173000 323584           0x0001 0x0812 3    0x0000000000199000
22821  groff            0x00000000de1c3000 57344            0x0003 0x0812 3    0x00000000001e8000
22821  groff            0x00000000de1d1000 9792             0x0003 0x0032 -1   0x0000000000000000
22821  groff            0x0000000000000000 1331456          0x0001 0x0802 3    0x0000000000000000
22821  groff            0x00000000ddea1000 638976           0x0005 0x0812 3    0x000000000000d000
22821  groff            0x00000000ddf3d000 634880           0x0001 0x0812 3    0x00000000000a9000
22821  groff            0x00000000ddfd8000 8192             0x0003 0x0812 3    0x0000000000143000
22821  groff            0x0000000000000000 103504           0x0001 0x0802 3    0x0000000000000000
22821  groff            0x00000000dde7d000 69632            0x0005 0x0812 3    0x0000000000003000
22821  groff            0x00000000dde8e000 16384            0x0001 0x0812 3    0x0000000000014000
22821  groff            0x00000000dde92000 8192             0x0003 0x0812 3    0x0000000000017000
22821  groff            0x0000000000000000 1857280          0x0001 0x0802 3    0x0000000000000000
22821  groff            0x00000000ddcd6000 1363968          0x0005 0x0812 3    0x0000000000022000
22821  groff            0x00000000dde23000 311296           0x0001 0x0812 3    0x000000000016f000
22821  groff            0x00000000dde70000 24576            0x0003 0x0812 3    0x00000000001bb000
22821  groff            0x00000000dde76000 14080            0x0003 0x0032 -1   0x0000000000000000
22821  groff            0x0000000000000000 8192             0x0003 0x0022 -1   0x0000000000000000
22821  groff            0x0000000000000000 8192             0x0003 0x0022 -1   0x0000000000000000
22822  troff            0x0000000000000000 8192             0x0003 0x0022 -1   0x0000000000000000
22822  troff            0x0000000000000000 2070080          0x0001 0x0802 3    0x0000000000000000
22822  troff            0x00000000ec12f000 1060864          0x0005 0x0812 3    0x0000000000096000
22822  troff            0x00000000ec232000 323584           0x0001 0x0812 3    0x0000000000199000
22822  troff            0x00000000ec282000 57344            0x0003 0x0812 3    0x00000000001e8000
22822  troff            0x00000000ec290000 9792             0x0003 0x0032 -1   0x0000000000000000
22822  troff            0x0000000000000000 1331456          0x0001 0x0802 3    0x0000000000000000
22822  troff            0x00000000ebf60000 638976           0x0005 0x0812 3    0x000000000000d000
22822  troff            0x00000000ebffc000 634880           0x0001 0x0812 3    0x00000000000a9000
22822  troff            0x00000000ec097000 8192             0x0003 0x0812 3    0x0000000000143000
22823  grotty           0x0000000000000000 8192             0x0003 0x0022 -1   0x0000000000000000
22823  grotty           0x0000000000000000 2070080          0x0001 0x0802 3    0x0000000000000000
22822  troff            0x0000000000000000 103504           0x0001 0x0802 3    0x0000000000000000
22823  grotty           0x000000005d496000 1060864          0x0005 0x0812 3    0x0000000000096000
22822  troff            0x00000000ebf3c000 69632            0x0005 0x0812 3    0x0000000000003000
22822  troff            0x00000000ebf4d000 16384            0x0001 0x0812 3    0x0000000000014000
22823  grotty           0x000000005d599000 323584           0x0001 0x0812 3    0x0000000000199000
22823  grotty           0x000000005d5e9000 57344            0x0003 0x0812 3    0x00000000001e8000
22822  troff            0x00000000ebf51000 8192             0x0003 0x0812 3    0x0000000000017000
22823  grotty           0x000000005d5f7000 9792             0x0003 0x0032 -1   0x0000000000000000
22822  troff            0x0000000000000000 1857280          0x0001 0x0802 3    0x0000000000000000
22822  troff            0x00000000ebd95000 1363968          0x0005 0x0812 3    0x0000000000022000
22823  grotty           0x0000000000000000 1331456          0x0001 0x0802 3    0x0000000000000000
22823  grotty           0x000000005d2c7000 638976           0x0005 0x0812 3    0x000000000000d000
